Using pre-set license
Built from '2020.2/staging' branch; Version is '2020.2.6f1 (8a2143876886) revision 9052483'; Using compiler version '192528614'; Build Type 'Release'
OS: 'Windows 10 Home; OS build 19043.1348; Version 2009; 64bit' Language: 'en' Physical Memory: 16271 MB
BatchMode: 1, IsHumanControllingUs: 0, StartBugReporterOnCrash: 0, Is64bit: 1, IsPro: 0

 COMMAND LINE ARGUMENTS:
C:\Program Files\Unity\Hub\Editor\2020.2.6f1\Editor\Unity.exe
-adb2
-batchMode
-noUpm
-name
AssetImportWorker0
-projectPath
C:/Users/rcarp/Documents/GitHub/Space-Game/New Unity Project
-logFile
Logs/AssetImportWorker0.log
-srvPort
58349
Successfully changed project path to: C:/Users/rcarp/Documents/GitHub/Space-Game/New Unity Project
C:/Users/rcarp/Documents/GitHub/Space-Game/New Unity Project
Using Asset Import Pipeline V2.
Refreshing native plugins compatible for Editor in 37.68 ms, found 1 plugins.
Preloading 0 native plugins for Editor in 0.00 ms.
Initialize engine version: 2020.2.6f1 (8a2143876886)
[Subsystems] Discovering subsystems at path C:/Program Files/Unity/Hub/Editor/2020.2.6f1/Editor/Data/Resources/UnitySubsystems
[Subsystems] Discovering subsystems at path C:/Users/rcarp/Documents/GitHub/Space-Game/New Unity Project/Assets
GfxDevice: creating device client; threaded=0
Direct3D:
    Version:  Direct3D 11.0 [level 11.1]
    Renderer: NVIDIA GeForce GTX 1080 (ID=0x1b80)
    Vendor:   
    VRAM:     8079 MB
    Driver:   30.0.14.9649
Initialize mono
Mono path[0] = 'C:/Program Files/Unity/Hub/Editor/2020.2.6f1/Editor/Data/Managed'
Mono path[1] = 'C:/Program Files/Unity/Hub/Editor/2020.2.6f1/Editor/Data/MonoBleedingEdge/lib/mono/unityjit'
Mono config path = 'C:/Program Files/Unity/Hub/Editor/2020.2.6f1/Editor/Data/MonoBleedingEdge/etc'
Using monoOptions --debugger-agent=transport=dt_socket,embedding=1,server=y,suspend=n,address=127.0.0.1:56272
Begin MonoManager ReloadAssembly
Registering precompiled unity dll's ...
Register platform support module: C:/Program Files/Unity/Hub/Editor/2020.2.6f1/Editor/Data/PlaybackEngines/MacStandaloneSupport/UnityEditor.OSXStandalone.Extensions.dll
Register platform support module: C:/Program Files/Unity/Hub/Editor/2020.2.6f1/Editor/Data/PlaybackEngines/WindowsStandaloneSupport/UnityEditor.WindowsStandalone.Extensions.dll
Registered in 0.001979 seconds.
Native extension for WindowsStandalone target not found
Native extension for OSXStandalone target not found
Refreshing native plugins compatible for Editor in 37.10 ms, found 1 plugins.
Preloading 0 native plugins for Editor in 0.00 ms.
Invoked RoslynAnalysisRunner static constructor.
RoslynAnalysisRunner will not be running.
RoslynAnalysisRunner has terminated.
Mono: successfully reloaded assembly
- Completed reload, in  0.953 seconds
Platform modules already initialized, skipping
Registering precompiled user dll's ...
Registered in 0.000917 seconds.
Begin MonoManager ReloadAssembly
Native extension for WindowsStandalone target not found
Native extension for OSXStandalone target not found
Refreshing native plugins compatible for Editor in 42.54 ms, found 1 plugins.
Preloading 0 native plugins for Editor in 0.00 ms.
Invoked RoslynAnalysisRunner static constructor.
RoslynAnalysisRunner will not be running.
RoslynAnalysisRunner has terminated.
Mono: successfully reloaded assembly
- Completed reload, in  0.863 seconds
Platform modules already initialized, skipping
========================================================================
Worker process is ready to serve import requests
Launched and connected shader compiler UnityShaderCompiler.exe after 0.04 seconds
Refreshing native plugins compatible for Editor in 0.35 ms, found 1 plugins.
Preloading 0 native plugins for Editor in 0.00 ms.
Unloading 2271 Unused Serialized files (Serialized files now loaded: 0)
System memory in use before: 102.9 MB.
System memory in use after: 103.0 MB.

Unloading 24 unused Assets to reduce memory usage. Loaded Objects now: 2716.
Total: 2.047000 ms (FindLiveObjects: 0.261500 ms CreateObjectMapping: 0.129700 ms MarkObjects: 1.562100 ms  DeleteObjects: 0.092800 ms)

========================================================================
Received Import Request.
  path: Assets/Scripts/Entities
  artifactKey: Guid(63303e6d1cda02c4b9df81e3586f21f8) Importer(815301076,1909f56bfc062723c751e8b465ee728b)
Start importing Assets/Scripts/Entities using Guid(63303e6d1cda02c4b9df81e3586f21f8) Importer(815301076,1909f56bfc062723c751e8b465ee728b)  -> (artifact id: '2324f65b6cc5452f8d35119b9ad61340') in 0.011123 seconds
  Import took 0.016863 seconds .

========================================================================
Received Prepare
Registering precompiled user dll's ...
Registered in 0.001287 seconds.
Begin MonoManager ReloadAssembly
Native extension for WindowsStandalone target not found
Native extension for OSXStandalone target not found
Refreshing native plugins compatible for Editor in 0.36 ms, found 1 plugins.
Preloading 0 native plugins for Editor in 0.00 ms.
Invoked RoslynAnalysisRunner static constructor.
RoslynAnalysisRunner will not be running.
RoslynAnalysisRunner has terminated.
Mono: successfully reloaded assembly
- Completed reload, in  0.747 seconds
Platform modules already initialized, skipping
Refreshing native plugins compatible for Editor in 0.36 ms, found 1 plugins.
Preloading 0 native plugins for Editor in 0.00 ms.
Unloading 2247 Unused Serialized files (Serialized files now loaded: 0)
System memory in use before: 101.5 MB.
System memory in use after: 101.5 MB.

Unloading 11 unused Assets to reduce memory usage. Loaded Objects now: 2718.
Total: 2.654600 ms (FindLiveObjects: 0.353100 ms CreateObjectMapping: 0.190000 ms MarkObjects: 2.034100 ms  DeleteObjects: 0.076200 ms)

========================================================================
Received Import Request.
  Time since last request: 9.874469 seconds.
  path: Assets/Scripts/Player
  artifactKey: Guid(42cc24ef901f9cf42825b893bbaac722) Importer(815301076,1909f56bfc062723c751e8b465ee728b)
Start importing Assets/Scripts/Player using Guid(42cc24ef901f9cf42825b893bbaac722) Importer(815301076,1909f56bfc062723c751e8b465ee728b)  -> (artifact id: '4ce36202fc59bab727f3778600e4663e') in 0.008675 seconds
  Import took 0.012001 seconds .

========================================================================
Received Prepare
Registering precompiled user dll's ...
Registered in 0.000890 seconds.
Begin MonoManager ReloadAssembly
Native extension for WindowsStandalone target not found
Native extension for OSXStandalone target not found
Refreshing native plugins compatible for Editor in 0.36 ms, found 1 plugins.
Preloading 0 native plugins for Editor in 0.00 ms.
Invoked RoslynAnalysisRunner static constructor.
RoslynAnalysisRunner will not be running.
RoslynAnalysisRunner has terminated.
Mono: successfully reloaded assembly
- Completed reload, in  0.783 seconds
Platform modules already initialized, skipping
Refreshing native plugins compatible for Editor in 0.36 ms, found 1 plugins.
Preloading 0 native plugins for Editor in 0.00 ms.
Unloading 2247 Unused Serialized files (Serialized files now loaded: 0)
System memory in use before: 101.6 MB.
System memory in use after: 101.7 MB.

Unloading 11 unused Assets to reduce memory usage. Loaded Objects now: 2720.
Total: 2.068600 ms (FindLiveObjects: 0.196400 ms CreateObjectMapping: 0.092400 ms MarkObjects: 1.708600 ms  DeleteObjects: 0.070400 ms)

========================================================================
Received Import Request.
  Time since last request: 8.164898 seconds.
  path: Assets/Scripts/AudioPlayer.cs
  artifactKey: Guid(4f6c4361b678fe74a8498f4edbe6142b) Importer(815301076,1909f56bfc062723c751e8b465ee728b)
Start importing Assets/Scripts/AudioPlayer.cs using Guid(4f6c4361b678fe74a8498f4edbe6142b) Importer(815301076,1909f56bfc062723c751e8b465ee728b)  -> (artifact id: '9a86cc10ecfe65af9be2390d3226daa3') in 0.039851 seconds
  Import took 0.043138 seconds .

========================================================================
Received Import Request.
  Time since last request: 0.000907 seconds.
  path: Assets/Scripts/AudioPlayer.cs
  artifactKey: Guid(4f6c4361b678fe74a8498f4edbe6142b) Importer(815301076,1909f56bfc062723c751e8b465ee728b)
Start importing Assets/Scripts/AudioPlayer.cs using Guid(4f6c4361b678fe74a8498f4edbe6142b) Importer(815301076,1909f56bfc062723c751e8b465ee728b)  -> (artifact id: '9a86cc10ecfe65af9be2390d3226daa3') in 0.002040 seconds
  Import took 0.005100 seconds .

========================================================================
Received Import Request.
  Time since last request: 0.641519 seconds.
  path: Assets/Scripts/CameraShake.cs
  artifactKey: Guid(41d2195ed843bee43951c86d6dc934fb) Importer(815301076,1909f56bfc062723c751e8b465ee728b)
Start importing Assets/Scripts/CameraShake.cs using Guid(41d2195ed843bee43951c86d6dc934fb) Importer(815301076,1909f56bfc062723c751e8b465ee728b)  -> (artifact id: '0cce09d6eb870ec39298399bfc17af1d') in 0.005975 seconds
  Import took 0.009954 seconds .

========================================================================
Received Import Request.
  Time since last request: 2.275812 seconds.
  path: Assets/Scripts/Health.cs
  artifactKey: Guid(90bf5f6ad05d05043ab2684c88cc389d) Importer(815301076,1909f56bfc062723c751e8b465ee728b)
Start importing Assets/Scripts/Health.cs using Guid(90bf5f6ad05d05043ab2684c88cc389d) Importer(815301076,1909f56bfc062723c751e8b465ee728b)  -> (artifact id: 'e6381f92fca574550915ee9a015ba006') in 0.005336 seconds
  Import took 0.008319 seconds .

========================================================================
Received Import Request.
  Time since last request: 0.003304 seconds.
  path: Assets/Scripts/Health.cs
  artifactKey: Guid(90bf5f6ad05d05043ab2684c88cc389d) Importer(815301076,1909f56bfc062723c751e8b465ee728b)
Start importing Assets/Scripts/Health.cs using Guid(90bf5f6ad05d05043ab2684c88cc389d) Importer(815301076,1909f56bfc062723c751e8b465ee728b)  -> (artifact id: 'e6381f92fca574550915ee9a015ba006') in 0.002302 seconds
  Import took 0.005495 seconds .

========================================================================
Received Prepare
Registering precompiled user dll's ...
Registered in 0.001097 seconds.
Begin MonoManager ReloadAssembly
Native extension for WindowsStandalone target not found
Native extension for OSXStandalone target not found
Refreshing native plugins compatible for Editor in 0.37 ms, found 1 plugins.
Preloading 0 native plugins for Editor in 0.00 ms.
Invoked RoslynAnalysisRunner static constructor.
RoslynAnalysisRunner will not be running.
RoslynAnalysisRunner has terminated.
Mono: successfully reloaded assembly
- Completed reload, in  0.764 seconds
Platform modules already initialized, skipping
Refreshing native plugins compatible for Editor in 0.37 ms, found 1 plugins.
Preloading 0 native plugins for Editor in 0.00 ms.
Unloading 2247 Unused Serialized files (Serialized files now loaded: 0)
System memory in use before: 101.7 MB.
System memory in use after: 101.8 MB.

Unloading 11 unused Assets to reduce memory usage. Loaded Objects now: 2722.
Total: 1.955800 ms (FindLiveObjects: 0.197900 ms CreateObjectMapping: 0.089600 ms MarkObjects: 1.596500 ms  DeleteObjects: 0.071000 ms)

========================================================================
Received Prepare
Registering precompiled user dll's ...
Registered in 0.000886 seconds.
Begin MonoManager ReloadAssembly
Native extension for WindowsStandalone target not found
Native extension for OSXStandalone target not found
Refreshing native plugins compatible for Editor in 0.35 ms, found 1 plugins.
Preloading 0 native plugins for Editor in 0.00 ms.
Invoked RoslynAnalysisRunner static constructor.
RoslynAnalysisRunner will not be running.
RoslynAnalysisRunner has terminated.
Mono: successfully reloaded assembly
- Completed reload, in  0.744 seconds
Platform modules already initialized, skipping
Refreshing native plugins compatible for Editor in 0.36 ms, found 1 plugins.
Preloading 0 native plugins for Editor in 0.00 ms.
Unloading 2247 Unused Serialized files (Serialized files now loaded: 0)
System memory in use before: 101.7 MB.
System memory in use after: 101.8 MB.

Unloading 11 unused Assets to reduce memory usage. Loaded Objects now: 2724.
Total: 1.920100 ms (FindLiveObjects: 0.238000 ms CreateObjectMapping: 0.092800 ms MarkObjects: 1.514900 ms  DeleteObjects: 0.073400 ms)

========================================================================
Received Prepare
Registering precompiled user dll's ...
Registered in 0.000912 seconds.
Begin MonoManager ReloadAssembly
Native extension for WindowsStandalone target not found
Native extension for OSXStandalone target not found
Refreshing native plugins compatible for Editor in 0.37 ms, found 1 plugins.
Preloading 0 native plugins for Editor in 0.00 ms.
Invoked RoslynAnalysisRunner static constructor.
RoslynAnalysisRunner will not be running.
RoslynAnalysisRunner has terminated.
Mono: successfully reloaded assembly
- Completed reload, in  0.781 seconds
Platform modules already initialized, skipping
Refreshing native plugins compatible for Editor in 0.35 ms, found 1 plugins.
Preloading 0 native plugins for Editor in 0.00 ms.
Unloading 2246 Unused Serialized files (Serialized files now loaded: 0)
System memory in use before: 101.7 MB.
System memory in use after: 101.8 MB.

Unloading 12 unused Assets to reduce memory usage. Loaded Objects now: 2725.
Total: 3.700100 ms (FindLiveObjects: 0.386700 ms CreateObjectMapping: 0.153100 ms MarkObjects: 3.043800 ms  DeleteObjects: 0.114700 ms)

========================================================================
Received Import Request.
  Time since last request: 99.278336 seconds.
  path: Assets/Scripts/Camera
  artifactKey: Guid(c060b3f33bed4fa4c8e7c06b5ac55d7b) Importer(815301076,1909f56bfc062723c751e8b465ee728b)
Start importing Assets/Scripts/Camera using Guid(c060b3f33bed4fa4c8e7c06b5ac55d7b) Importer(815301076,1909f56bfc062723c751e8b465ee728b)  -> (artifact id: '8f08463023b43799ab01fbe569172492') in 0.008026 seconds
  Import took 0.012861 seconds .

========================================================================
Received Prepare
Registering precompiled user dll's ...
Registered in 0.000889 seconds.
Begin MonoManager ReloadAssembly
Native extension for WindowsStandalone target not found
Native extension for OSXStandalone target not found
Refreshing native plugins compatible for Editor in 0.36 ms, found 1 plugins.
Preloading 0 native plugins for Editor in 0.00 ms.
Invoked RoslynAnalysisRunner static constructor.
RoslynAnalysisRunner will not be running.
RoslynAnalysisRunner has terminated.
Mono: successfully reloaded assembly
- Completed reload, in  0.746 seconds
Platform modules already initialized, skipping
Refreshing native plugins compatible for Editor in 0.36 ms, found 1 plugins.
Preloading 0 native plugins for Editor in 0.00 ms.
Unloading 2246 Unused Serialized files (Serialized files now loaded: 0)
System memory in use before: 101.7 MB.
System memory in use after: 101.8 MB.

Unloading 11 unused Assets to reduce memory usage. Loaded Objects now: 2727.
Total: 1.949500 ms (FindLiveObjects: 0.194600 ms CreateObjectMapping: 0.085800 ms MarkObjects: 1.597800 ms  DeleteObjects: 0.070500 ms)

========================================================================
Received Import Request.
  Time since last request: 10.442267 seconds.
  path: Assets/Scripts/Shooter.cs
  artifactKey: Guid(0affae47fe549e8478dfc180b0d59f1a) Importer(815301076,1909f56bfc062723c751e8b465ee728b)
Start importing Assets/Scripts/Shooter.cs using Guid(0affae47fe549e8478dfc180b0d59f1a) Importer(815301076,1909f56bfc062723c751e8b465ee728b)  -> (artifact id: 'aa96823c8a5b8bcc056abc3e8463a3f2') in 0.009928 seconds
  Import took 0.014579 seconds .

========================================================================
Received Import Request.
  Time since last request: 10.878093 seconds.
  path: Assets/Scripts/SpriteScroller.cs
  artifactKey: Guid(0a2be1df03d6e2c43a9dec8994d0938a) Importer(815301076,1909f56bfc062723c751e8b465ee728b)
Start importing Assets/Scripts/SpriteScroller.cs using Guid(0a2be1df03d6e2c43a9dec8994d0938a) Importer(815301076,1909f56bfc062723c751e8b465ee728b)  -> (artifact id: '8a8e0b82be988880a8db3813fcd71257') in 0.006002 seconds
  Import took 0.010290 seconds .

========================================================================
Received Prepare
Registering precompiled user dll's ...
Registered in 0.000895 seconds.
Begin MonoManager ReloadAssembly
Native extension for WindowsStandalone target not found
Native extension for OSXStandalone target not found
Refreshing native plugins compatible for Editor in 0.36 ms, found 1 plugins.
Preloading 0 native plugins for Editor in 0.00 ms.
Invoked RoslynAnalysisRunner static constructor.
RoslynAnalysisRunner will not be running.
RoslynAnalysisRunner has terminated.
Mono: successfully reloaded assembly
- Completed reload, in  0.744 seconds
Platform modules already initialized, skipping
Refreshing native plugins compatible for Editor in 0.41 ms, found 1 plugins.
Preloading 0 native plugins for Editor in 0.00 ms.
Unloading 2246 Unused Serialized files (Serialized files now loaded: 0)
System memory in use before: 101.7 MB.
System memory in use after: 101.8 MB.

Unloading 11 unused Assets to reduce memory usage. Loaded Objects now: 2729.
Total: 2.263400 ms (FindLiveObjects: 0.323200 ms CreateObjectMapping: 0.142600 ms MarkObjects: 1.722100 ms  DeleteObjects: 0.074400 ms)

========================================================================
Received Import Request.
  Time since last request: 18.629311 seconds.
  path: Assets/Scripts/UI
  artifactKey: Guid(538d0a9a72a1ccf4793300b6e4942acd) Importer(815301076,1909f56bfc062723c751e8b465ee728b)
Start importing Assets/Scripts/UI using Guid(538d0a9a72a1ccf4793300b6e4942acd) Importer(815301076,1909f56bfc062723c751e8b465ee728b)  -> (artifact id: 'bd5a615f5f6f61bbdcebcc49f3d4358f') in 0.009827 seconds
  Import took 0.013902 seconds .

========================================================================
Received Import Request.
  Time since last request: 1.345368 seconds.
  path: Assets/Scripts/UIDisplay.cs
  artifactKey: Guid(c4699c1064625ad45959828ac571d1cf) Importer(815301076,1909f56bfc062723c751e8b465ee728b)
Start importing Assets/Scripts/UIDisplay.cs using Guid(c4699c1064625ad45959828ac571d1cf) Importer(815301076,1909f56bfc062723c751e8b465ee728b)  -> (artifact id: 'd1c146ba4febe4d529975a4216d6884b') in 0.010774 seconds
  Import took 0.016087 seconds .

========================================================================
Received Prepare
Registering precompiled user dll's ...
Registered in 0.000889 seconds.
Begin MonoManager ReloadAssembly
Native extension for WindowsStandalone target not found
Native extension for OSXStandalone target not found
Refreshing native plugins compatible for Editor in 0.35 ms, found 1 plugins.
Preloading 0 native plugins for Editor in 0.00 ms.
Invoked RoslynAnalysisRunner static constructor.
RoslynAnalysisRunner will not be running.
RoslynAnalysisRunner has terminated.
Mono: successfully reloaded assembly
- Completed reload, in  0.781 seconds
Platform modules already initialized, skipping
Refreshing native plugins compatible for Editor in 0.36 ms, found 1 plugins.
Preloading 0 native plugins for Editor in 0.00 ms.
Unloading 2246 Unused Serialized files (Serialized files now loaded: 0)
System memory in use before: 101.7 MB.
System memory in use after: 101.8 MB.

Unloading 11 unused Assets to reduce memory usage. Loaded Objects now: 2731.
Total: 2.118200 ms (FindLiveObjects: 0.228200 ms CreateObjectMapping: 0.089100 ms MarkObjects: 1.720100 ms  DeleteObjects: 0.079800 ms)

========================================================================
Received Prepare
Registering precompiled user dll's ...
Registered in 0.000851 seconds.
Begin MonoManager ReloadAssembly
Native extension for WindowsStandalone target not found
Native extension for OSXStandalone target not found
Refreshing native plugins compatible for Editor in 0.39 ms, found 1 plugins.
Preloading 0 native plugins for Editor in 0.00 ms.
Invoked RoslynAnalysisRunner static constructor.
RoslynAnalysisRunner will not be running.
RoslynAnalysisRunner has terminated.
Mono: successfully reloaded assembly
- Completed reload, in  0.775 seconds
Platform modules already initialized, skipping
Refreshing native plugins compatible for Editor in 0.36 ms, found 1 plugins.
Preloading 0 native plugins for Editor in 0.00 ms.
Unloading 2246 Unused Serialized files (Serialized files now loaded: 0)
System memory in use before: 101.7 MB.
System memory in use after: 101.8 MB.

Unloading 11 unused Assets to reduce memory usage. Loaded Objects now: 2733.
Total: 2.464700 ms (FindLiveObjects: 0.459300 ms CreateObjectMapping: 0.131900 ms MarkObjects: 1.785800 ms  DeleteObjects: 0.086400 ms)

========================================================================
Received Prepare
Registering precompiled user dll's ...
Registered in 0.000986 seconds.
Begin MonoManager ReloadAssembly
Native extension for WindowsStandalone target not found
Native extension for OSXStandalone target not found
Refreshing native plugins compatible for Editor in 0.37 ms, found 1 plugins.
Preloading 0 native plugins for Editor in 0.00 ms.
Invoked RoslynAnalysisRunner static constructor.
RoslynAnalysisRunner will not be running.
RoslynAnalysisRunner has terminated.
Mono: successfully reloaded assembly
- Completed reload, in  0.761 seconds
Platform modules already initialized, skipping
Refreshing native plugins compatible for Editor in 0.37 ms, found 1 plugins.
Preloading 0 native plugins for Editor in 0.00 ms.
Unloading 2246 Unused Serialized files (Serialized files now loaded: 0)
System memory in use before: 101.7 MB.
System memory in use after: 101.8 MB.

Unloading 11 unused Assets to reduce memory usage. Loaded Objects now: 2735.
Total: 2.086000 ms (FindLiveObjects: 0.256500 ms CreateObjectMapping: 0.096000 ms MarkObjects: 1.652600 ms  DeleteObjects: 0.079700 ms)

========================================================================
Received Import Request.
  Time since last request: 117.173890 seconds.
  path: Assets/Animation/Player/Up Animations/Take_Damage_Up.anim
  artifactKey: Guid(23d89801f6967094fbabcd620c6d5943) Importer(815301076,1909f56bfc062723c751e8b465ee728b)
Start importing Assets/Animation/Player/Up Animations/Take_Damage_Up.anim using Guid(23d89801f6967094fbabcd620c6d5943) Importer(815301076,1909f56bfc062723c751e8b465ee728b)  -> (artifact id: 'e6248fe4c9955b1378fb5327d5b58724') in 0.019811 seconds
  Import took 0.023891 seconds .

========================================================================
Received Import Request.
  Time since last request: 18.855076 seconds.
  path: Assets/Animation/Asteroid
  artifactKey: Guid(d238315c1589f92408563a307e506d14) Importer(815301076,1909f56bfc062723c751e8b465ee728b)
Start importing Assets/Animation/Asteroid using Guid(d238315c1589f92408563a307e506d14) Importer(815301076,1909f56bfc062723c751e8b465ee728b)  -> (artifact id: 'fc28099c963b64b9973c31afc550d80e') in 0.006358 seconds
  Import took 0.010776 seconds .

========================================================================
Received Import Request.
  Time since last request: 22.230816 seconds.
  path: Assets/Animation/Asteroid/Asteriod.controller
  artifactKey: Guid(3260d90408bda574493c84b622faf21b) Importer(815301076,1909f56bfc062723c751e8b465ee728b)
Start importing Assets/Animation/Asteroid/Asteriod.controller using Guid(3260d90408bda574493c84b622faf21b) Importer(815301076,1909f56bfc062723c751e8b465ee728b)  -> (artifact id: '8ecbc78e7226b7c91a6f63086f0afcf4') in 0.009216 seconds
  Import took 0.012760 seconds .

========================================================================
Received Import Request.
  Time since last request: 14.885012 seconds.
  path: Assets/Animation/Player/Player.controller
  artifactKey: Guid(6fbda2850d9678841a999066db6ff67f) Importer(815301076,1909f56bfc062723c751e8b465ee728b)
Start importing Assets/Animation/Player/Player.controller using Guid(6fbda2850d9678841a999066db6ff67f) Importer(815301076,1909f56bfc062723c751e8b465ee728b)  -> (artifact id: '6563a85111dac06e169ca325106b8080') in 0.009753 seconds
  Import took 0.013648 seconds .

========================================================================
Received Import Request.
  Time since last request: 0.000603 seconds.
  path: Assets/Animation/Player/Player.controller
  artifactKey: Guid(6fbda2850d9678841a999066db6ff67f) Importer(815301076,1909f56bfc062723c751e8b465ee728b)
Start importing Assets/Animation/Player/Player.controller using Guid(6fbda2850d9678841a999066db6ff67f) Importer(815301076,1909f56bfc062723c751e8b465ee728b)  -> (artifact id: '6563a85111dac06e169ca325106b8080') in 0.002951 seconds
  Import took 0.006528 seconds .

========================================================================
Received Prepare
Registering precompiled user dll's ...
Registered in 0.000899 seconds.
Begin MonoManager ReloadAssembly
Native extension for WindowsStandalone target not found
Native extension for OSXStandalone target not found
Refreshing native plugins compatible for Editor in 0.39 ms, found 1 plugins.
Preloading 0 native plugins for Editor in 0.00 ms.
Invoked RoslynAnalysisRunner static constructor.
RoslynAnalysisRunner will not be running.
RoslynAnalysisRunner has terminated.
Mono: successfully reloaded assembly
- Completed reload, in  0.760 seconds
Platform modules already initialized, skipping
Refreshing native plugins compatible for Editor in 0.37 ms, found 1 plugins.
Preloading 0 native plugins for Editor in 0.00 ms.
Unloading 2246 Unused Serialized files (Serialized files now loaded: 0)
System memory in use before: 101.7 MB.
System memory in use after: 101.9 MB.

Unloading 11 unused Assets to reduce memory usage. Loaded Objects now: 2737.
Total: 2.330000 ms (FindLiveObjects: 0.370600 ms CreateObjectMapping: 0.131300 ms MarkObjects: 1.735600 ms  DeleteObjects: 0.091500 ms)

========================================================================
Received Prepare
Registering precompiled user dll's ...
Registered in 0.000899 seconds.
Begin MonoManager ReloadAssembly
Native extension for WindowsStandalone target not found
Native extension for OSXStandalone target not found
Refreshing native plugins compatible for Editor in 0.36 ms, found 1 plugins.
Preloading 0 native plugins for Editor in 0.00 ms.
Invoked RoslynAnalysisRunner static constructor.
RoslynAnalysisRunner will not be running.
RoslynAnalysisRunner has terminated.
Mono: successfully reloaded assembly
- Completed reload, in  0.757 seconds
Platform modules already initialized, skipping
Refreshing native plugins compatible for Editor in 0.38 ms, found 1 plugins.
Preloading 0 native plugins for Editor in 0.00 ms.
Unloading 2246 Unused Serialized files (Serialized files now loaded: 0)
System memory in use before: 101.7 MB.
System memory in use after: 101.9 MB.

Unloading 11 unused Assets to reduce memory usage. Loaded Objects now: 2739.
Total: 2.334500 ms (FindLiveObjects: 0.371200 ms CreateObjectMapping: 0.135300 ms MarkObjects: 1.747700 ms  DeleteObjects: 0.079000 ms)

========================================================================
Received Prepare
Registering precompiled user dll's ...
Registered in 0.000882 seconds.
Begin MonoManager ReloadAssembly
Native extension for WindowsStandalone target not found
Native extension for OSXStandalone target not found
Refreshing native plugins compatible for Editor in 0.37 ms, found 1 plugins.
Preloading 0 native plugins for Editor in 0.00 ms.
Invoked RoslynAnalysisRunner static constructor.
RoslynAnalysisRunner will not be running.
RoslynAnalysisRunner has terminated.
Mono: successfully reloaded assembly
- Completed reload, in  0.755 seconds
Platform modules already initialized, skipping
Refreshing native plugins compatible for Editor in 0.36 ms, found 1 plugins.
Preloading 0 native plugins for Editor in 0.00 ms.
Unloading 2246 Unused Serialized files (Serialized files now loaded: 0)
System memory in use before: 101.8 MB.
System memory in use after: 101.9 MB.

Unloading 11 unused Assets to reduce memory usage. Loaded Objects now: 2741.
Total: 2.114300 ms (FindLiveObjects: 0.236400 ms CreateObjectMapping: 0.114400 ms MarkObjects: 1.682900 ms  DeleteObjects: 0.079700 ms)

========================================================================
Received Prepare
Registering precompiled user dll's ...
Registered in 0.000995 seconds.
Begin MonoManager ReloadAssembly
Native extension for WindowsStandalone target not found
Native extension for OSXStandalone target not found
Refreshing native plugins compatible for Editor in 0.37 ms, found 1 plugins.
Preloading 0 native plugins for Editor in 0.00 ms.
Invoked RoslynAnalysisRunner static constructor.
RoslynAnalysisRunner will not be running.
RoslynAnalysisRunner has terminated.
Mono: successfully reloaded assembly
- Completed reload, in  0.734 seconds
Platform modules already initialized, skipping
Refreshing native plugins compatible for Editor in 0.37 ms, found 1 plugins.
Preloading 0 native plugins for Editor in 0.00 ms.
Unloading 2246 Unused Serialized files (Serialized files now loaded: 0)
System memory in use before: 101.8 MB.
System memory in use after: 101.9 MB.

Unloading 11 unused Assets to reduce memory usage. Loaded Objects now: 2743.
Total: 2.268800 ms (FindLiveObjects: 0.408300 ms CreateObjectMapping: 0.115200 ms MarkObjects: 1.669600 ms  DeleteObjects: 0.074600 ms)

